{"C:\\Users\\gabuk\\Documents\\GitHub\\komandaX\\frontend\\src\\utils\\calculateDistance.ts": {"path":"C:\\Users\\gabuk\\Documents\\GitHub\\komandaX\\frontend\\src\\utils\\calculateDistance.ts","statementMap":{"0":{"start":{"line":2,"column":0},"end":{"line":2,"column":16}},"1":{"start":{"line":21,"column":0},"end":{"line":21,"column":16}},"2":{"start":{"line":8,"column":12},"end":{"line":8,"column":16}},"3":{"start":{"line":9,"column":15},"end":{"line":9,"column":46}},"4":{"start":{"line":10,"column":15},"end":{"line":10,"column":46}},"5":{"start":{"line":12,"column":4},"end":{"line":15,"column":45}},"6":{"start":{"line":16,"column":12},"end":{"line":16,"column":58}},"7":{"start":{"line":17,"column":2},"end":{"line":17,"column":15}},"8":{"start":{"line":27,"column":2},"end":{"line":37,"column":45}},"9":{"start":{"line":29,"column":23},"end":{"line":29,"column":80}},"10":{"start":{"line":30,"column":6},"end":{"line":33,"column":null}},"11":{"start":{"line":36,"column":23},"end":{"line":36,"column":52}},"12":{"start":{"line":37,"column":20},"end":{"line":37,"column":43}}},"fnMap":{"0":{"name":"calculateDistance","decl":{"start":{"line":2,"column":16},"end":{"line":2,"column":33}},"loc":{"start":{"line":6,"column":14},"end":{"line":18,"column":1}}},"1":{"name":"getFilteredPlaces","decl":{"start":{"line":21,"column":16},"end":{"line":21,"column":33}},"loc":{"start":{"line":25,"column":25},"end":{"line":38,"column":1}}},"2":{"name":"(anonymous_2)","decl":{"start":{"line":28,"column":9},"end":{"line":28,"column":10}},"loc":{"start":{"line":28,"column":19},"end":{"line":35,"column":5}}},"3":{"name":"(anonymous_3)","decl":{"start":{"line":36,"column":12},"end":{"line":36,"column":13}},"loc":{"start":{"line":36,"column":23},"end":{"line":36,"column":52}}},"4":{"name":"(anonymous_4)","decl":{"start":{"line":37,"column":10},"end":{"line":37,"column":11}},"loc":{"start":{"line":37,"column":20},"end":{"line":37,"column":43}}}},"branchMap":{"0":{"loc":{"start":{"line":25,"column":2},"end":{"line":25,"column":25}},"type":"default-arg","locations":[{"start":{"line":25,"column":24},"end":{"line":25,"column":25}}]}},"s":{"0":1,"1":1,"2":8,"3":8,"4":8,"5":8,"6":8,"7":8,"8":3,"9":7,"10":7,"11":7,"12":1},"f":{"0":8,"1":3,"2":7,"3":7,"4":1},"b":{"0":[0]}}
}
